INFO: Building Conda
INFO: Building PyCall
INFO: PyCall is using C:\ProgramData\Anaconda2\python.exe (Python 2.7.13) at C:\ProgramData\Anaconda2\python.exe, libpython = C:\ProgramData\Anaconda2\python27
INFO: C:\.julia\v0.6\PyCall\deps\deps.jl has been updated
INFO: C:\.julia\v0.6\PyCall\deps\PYTHON has been updated
INFO: Building Rmath
INFO: Building WinRPM
INFO: Downloading https://cache.julialang.org/http://download.opensuse.org/repositories/windows:/mingw:/win32/openSUSE_Leap_42.2/repodata/repomd.xml
INFO: Downloading https://cache.julialang.org/http://download.opensuse.org/repositories/windows:/mingw:/win64/openSUSE_Leap_42.2/repodata/repomd.xml
INFO: Building LibSndFile
INFO: Updating WinRPM package list
INFO: Downloading https://cache.julialang.org/http://download.opensuse.org/repositories/windows:/mingw:/win32/openSUSE_Leap_42.2/repodata/repomd.xml
INFO: Downloading https://cache.julialang.org/http://download.opensuse.org/repositories/windows:/mingw:/win64/openSUSE_Leap_42.2/repodata/repomd.xml
INFO: Building Weber
Warning: 'defaults' already in 'channels' list, moving to the top
INFO: Building WeberDAQmx
INFO: Downloading miniconda installer ...
INFO: Installing miniconda ...
INFO: Building Conda
INFO: Building Rmath
INFO: Building WinRPM
INFO: Downloading https://cache.julialang.org/http://download.opensuse.org/repositories/windows:/mingw:/win32/openSUSE_Leap_42.2/repodata/repomd.xml
INFO: Downloading https://cache.julialang.org/http://download.opensuse.org/repositories/windows:/mingw:/win64/openSUSE_Leap_42.2/repodata/repomd.xml
INFO: Building LibSndFile
INFO: Updating WinRPM package list
INFO: Downloading https://cache.julialang.org/http://download.opensuse.org/repositories/windows:/mingw:/win32/openSUSE_Leap_42.2/repodata/repomd.xml
INFO: Downloading https://cache.julialang.org/http://download.opensuse.org/repositories/windows:/mingw:/win64/openSUSE_Leap_42.2/repodata/repomd.xml
INFO: Building Weber
INFO: Building PyCall
INFO: PyCall is using C:\ProgramData\Anaconda2\python.exe (Python 2.7.13) at C:\ProgramData\Anaconda2\python.exe, libpython = C:\ProgramData\Anaconda2\python27
INFO: C:\.julia\v0.6\PyCall\deps\deps.jl has not changed
INFO: C:\.julia\v0.6\PyCall\deps\PYTHON has not changed
Warning: 'haberdashPI' already in 'channels' list, moving to the top
INFO: Building WeberCedrus
INFO: Cloning cache of Conda from https://github.com/JuliaPy/Conda.jl.git
INFO: Cloning cache of PyCall from https://github.com/JuliaPy/PyCall.jl.git
INFO: Cloning cache of WeberDAQmx from https://github.com/haberdashPI/WeberDAQmx.jl.git
INFO: Installing Conda v0.5.3
INFO: Installing PyCall v1.12.0
INFO: Installing WeberDAQmx v0.1.0
INFO: Package database updated
INFO: Cloning cache of WeberCedrus from https://github.com/haberdashPI/WeberCedrus.jl.git
INFO: Installing WeberCedrus v0.1.0
INFO: Package database updated
ERROR: LoadError: Failed to import required Python module pyxid.

For automated pyxid installation, try configuring PyCall to use the Conda.jl package's Python "Miniconda" distribution within Julia. Relaunch Julia and run:
    ENV["PYTHON"]=""
    Pkg.build("PyCall")
before trying again.

The pyimport exception was: PyError (ccall(@pysym(:PyImport_ImportModule), PyPtr, (Cstring,), name)) <type 'exceptions.ImportError'>
ImportError('No module named pyxid',)


Stacktrace:
 [1] pyimport_conda(::String, ::String, ::String) at C:\.julia\v0.6\PyCall\src\PyCall.jl:505
 [2] InitExtension() at C:\.julia\v0.6\WeberCedrus\src\WeberCedrus.jl:16
 [3] include_from_node1(::String) at .\loading.jl:569
 [4] include(::String) at .\sysimg.jl:14
 [5] process_options(::Base.JLOptions) at .\client.jl:305
 [6] _start() at .\client.jl:371
while loading C:\Users\ACNLab\Documents\navy_aba\program\run_aba.jl, in expression starting on line 68
